{
  "stats": {
    "suites": 1,
    "tests": 1,
    "passes": 1,
    "pending": 0,
    "failures": 0,
    "start": "2025-12-24T08:40:22.847Z",
    "end": "2025-12-24T08:40:24.761Z",
    "duration": 1914,
    "testsRegistered": 1,
    "passPercent": 100,
    "pendingPercent": 0,
    "other": 0,
    "hasOther": false,
    "skipped": 0,
    "hasSkipped": false
  },
  "results": [
    {
      "uuid": "78096767-5692-408e-996d-0e8672a00ac2",
      "title": "",
      "fullFile": "C:\\laragon\\www\\saucedemo-ui-automation\\test\\login.test.js",
      "file": "\\test\\login.test.js",
      "beforeHooks": [],
      "afterHooks": [],
      "tests": [],
      "suites": [
        {
          "uuid": "3a13e913-107b-4a1c-ad20-b10e5f49c012",
          "title": "Login Page Tests",
          "fullFile": "C:\\laragon\\www\\saucedemo-ui-automation\\test\\login.test.js",
          "file": "\\test\\login.test.js",
          "beforeHooks": [],
          "afterHooks": [
            {
              "title": "\"after all\" hook in \"Login Page Tests\"",
              "fullTitle": "Login Page Tests \"after all\" hook in \"Login Page Tests\"",
              "timedOut": false,
              "duration": 112,
              "state": null,
              "speed": null,
              "pass": false,
              "fail": false,
              "pending": false,
              "context": null,
              "code": "if (driver) await driver.quit();",
              "err": {},
              "uuid": "16630b49-c218-4e92-9c8e-d1a1802c10e6",
              "parentUUID": "3a13e913-107b-4a1c-ad20-b10e5f49c012",
              "isHook": true,
              "skipped": false
            }
          ],
          "tests": [
            {
              "title": "Login sukses & sort produk A-Z",
              "fullTitle": "Login Page Tests Login sukses & sort produk A-Z",
              "timedOut": false,
              "duration": 1793,
              "state": "passed",
              "speed": "slow",
              "pass": true,
              "fail": false,
              "pending": false,
              "context": null,
              "code": "driver = await new Builder().forBrowser(\"chrome\").build();\nawait driver.get(\"https://www.saucedemo.com/\");\n// login\nawait driver.findElement(By.css('[data-test=\"username\"]'))\n  .sendKeys(\"standard_user\");\nawait driver.findElement(By.css('[data-test=\"password\"]'))\n  .sendKeys(\"secret_sauce\");\nawait driver.findElement(By.css('[data-test=\"login-button\"]')).click();\nawait driver.wait(\n  until.elementsLocated(By.css(\".inventory_item_name\")),\n  10000\n);\n// sort produk A-Z\nconst sortDropdown = await driver.findElement(\n  By.css('[data-test=\"product-sort-container\"]')\n);\nawait sortDropdown.click();\nconst optionAZ = await driver.findElement(\n  By.css('option[value=\"az\"]')\n);\nawait optionAZ.click();\nawait driver.wait(\n  until.elementsLocated(By.css(\".inventory_item_name\")),\n  10000\n);\nconst products = await driver.findElements(\n  By.css(\".inventory_item_name\")\n);\nconst firstName = await products[0].getText();\nconst lastName = await products[products.length - 1].getText();\nconsole.log(\"Produk pertama:\", firstName);\nconsole.log(\"Produk terakhir:\", lastName);  \nassert.ok(\n  firstName.localeCompare(lastName) < 0,\n  \"Produk tidak terurut dari A ke Z\"\n);",
              "err": {},
              "uuid": "594a0b2f-81ec-48f6-a5c3-29631a119769",
              "parentUUID": "3a13e913-107b-4a1c-ad20-b10e5f49c012",
              "isHook": false,
              "skipped": false
            }
          ],
          "suites": [],
          "passes": [
            "594a0b2f-81ec-48f6-a5c3-29631a119769"
          ],
          "failures": [],
          "pending": [],
          "skipped": [],
          "duration": 1793,
          "root": false,
          "rootEmpty": false,
          "_timeout": 60000
        }
      ],
      "passes": [],
      "failures": [],
      "pending": [],
      "skipped": [],
      "duration": 0,
      "root": true,
      "rootEmpty": true,
      "_timeout": 60000
    }
  ],
  "meta": {
    "mocha": {
      "version": "11.7.5"
    },
    "mochawesome": {
      "options": {
        "quiet": false,
        "reportFilename": "mochawesome",
        "saveHtml": true,
        "saveJson": true,
        "consoleReporter": "spec",
        "useInlineDiffs": false,
        "code": true
      },
      "version": "7.1.4"
    },
    "marge": {
      "options": null,
      "version": "6.3.2"
    }
  }
}